<?xml version="1.0" encoding="UTF-8"?>
<testng-results ignored="0" total="2" passed="2" failed="0" skipped="0">
  <reporter-output>
  </reporter-output>
  <suite started-at="2024-12-13T19:14:14 IST" name="Default suite" finished-at="2024-12-13T19:14:33 IST" duration-ms="18956">
    <groups>
      <group name="cucumber">
        <method signature="AbstractTestNGCucumberTests.runScenario(io.cucumber.testng.PickleWrapper,io.cucumber.testng.FeatureWrapper)[pri:0, instance:LeetcodeOperation.testRunner@210ab13f]" name="runScenario" class="io.cucumber.testng.AbstractTestNGCucumberTests"/>
      </group> <!-- cucumber -->
    </groups>
    <test started-at="2024-12-13T19:14:14 IST" name="Default test" finished-at="2024-12-13T19:14:33 IST" duration-ms="18956">
      <class name="LeetcodeOperation.testRunner">
        <test-method is-config="true" signature="setUpClass(org.testng.ITestContext)[pri:0, instance:LeetcodeOperation.testRunner@210ab13f]" started-at="2024-12-13T19:14:15 IST" name="setUpClass" finished-at="2024-12-13T19:14:16 IST" duration-ms="1512" status="PASS">
          <params>
            <param index="0">
              <value>
                <![CDATA[org.testng.TestRunner@468dda3e]]>
              </value>
            </param>
          </params>
          <reporter-output>
          </reporter-output>
        </test-method> <!-- setUpClass -->
        <test-method signature="runScenario(io.cucumber.testng.PickleWrapper,io.cucumber.testng.FeatureWrapper)[pri:0, instance:LeetcodeOperation.testRunner@210ab13f]" started-at="2024-12-13T19:14:16 IST" name="runScenario" description="Runs Cucumber Scenarios" data-provider="scenarios" finished-at="2024-12-13T19:14:27 IST" duration-ms="11085" status="PASS">
          <params>
            <param index="0">
              <value>
                <![CDATA["waits webpage"]]>
              </value>
            </param>
            <param index="1">
              <value>
                <![CDATA["waits feature"]]>
              </value>
            </param>
          </params>
          <reporter-output>
          </reporter-output>
        </test-method> <!-- runScenario -->
        <test-method signature="runScenario(io.cucumber.testng.PickleWrapper,io.cucumber.testng.FeatureWrapper)[pri:0, instance:LeetcodeOperation.testRunner@210ab13f]" started-at="2024-12-13T19:14:27 IST" name="runScenario" description="Runs Cucumber Scenarios" data-provider="scenarios" finished-at="2024-12-13T19:14:33 IST" duration-ms="5953" status="PASS">
          <params>
            <param index="0">
              <value>
                <![CDATA["waits operation"]]>
              </value>
            </param>
            <param index="1">
              <value>
                <![CDATA["waits feature"]]>
              </value>
            </param>
          </params>
          <reporter-output>
          </reporter-output>
        </test-method> <!-- runScenario -->
        <test-method is-config="true" signature="tearDownClass()[pri:0, instance:LeetcodeOperation.testRunner@210ab13f]" started-at="2024-12-13T19:14:33 IST" name="tearDownClass" finished-at="2024-12-13T19:14:33 IST" duration-ms="218" status="PASS">
          <reporter-output>
          </reporter-output>
        </test-method> <!-- tearDownClass -->
      </class> <!-- LeetcodeOperation.testRunner -->
    </test> <!-- Default test -->
  </suite> <!-- Default suite -->
</testng-results>
